c:\users\seizou124\documents\github\worksupporttool\worksupporttool\x64\release\vc145.pdb
c:\users\seizou124\documents\github\worksupporttool\worksupporttool\x64\release\searchtoolpage.obj
c:\users\seizou124\documents\github\worksupporttool\worksupporttool\x64\release\printtoolpage.obj
c:\users\seizou124\documents\github\worksupporttool\worksupporttool\x64\release\main.obj
c:\users\seizou124\documents\github\worksupporttool\x64\release\worksupporttool.exe
c:\users\seizou124\documents\github\worksupporttool\x64\release\worksupporttool.pdb
c:\users\seizou124\documents\github\worksupporttool\worksupporttool\x64\release\worksupporttool.res
c:\users\seizou124\documents\github\worksupporttool\worksupporttool\x64\release\worksupporttool.ipdb
c:\users\seizou124\documents\github\worksupporttool\worksupporttool\x64\release\worksupporttool.iobj
c:\users\seizou124\documents\github\worksupporttool\worksupporttool\x64\release\worksupporttool.tlog\cl.command.1.tlog
c:\users\seizou124\documents\github\worksupporttool\worksupporttool\x64\release\worksupporttool.tlog\cl.items.tlog
c:\users\seizou124\documents\github\worksupporttool\worksupporttool\x64\release\worksupporttool.tlog\cl.read.1.tlog
c:\users\seizou124\documents\github\worksupporttool\worksupporttool\x64\release\worksupporttool.tlog\cl.write.1.tlog
c:\users\seizou124\documents\github\worksupporttool\worksupporttool\x64\release\worksupporttool.tlog\link.command.1.tlog
c:\users\seizou124\documents\github\worksupporttool\worksupporttool\x64\release\worksupporttool.tlog\link.read.1.tlog
c:\users\seizou124\documents\github\worksupporttool\worksupporttool\x64\release\worksupporttool.tlog\link.secondary.1.tlog
c:\users\seizou124\documents\github\worksupporttool\worksupporttool\x64\release\worksupporttool.tlog\link.write.1.tlog
c:\users\seizou124\documents\github\worksupporttool\worksupporttool\x64\release\worksupporttool.tlog\rc.command.1.tlog
c:\users\seizou124\documents\github\worksupporttool\worksupporttool\x64\release\worksupporttool.tlog\rc.read.1.tlog
c:\users\seizou124\documents\github\worksupporttool\worksupporttool\x64\release\worksupporttool.tlog\rc.write.1.tlog
