c:\users\seizou124\documents\github\worksupporttool\worksupporttool\x64\debug\vc145.pdb
c:\users\seizou124\documents\github\worksupporttool\worksupporttool\x64\debug\vc145.idb
c:\users\seizou124\documents\github\worksupporttool\worksupporttool\x64\debug\searchtoolpage.obj
c:\users\seizou124\documents\github\worksupporttool\worksupporttool\x64\debug\printtoolpage.obj
c:\users\seizou124\documents\github\worksupporttool\worksupporttool\x64\debug\main.obj
c:\users\seizou124\documents\github\worksupporttool\worksupporttool\x64\debug\worksupporttool.res
c:\users\seizou124\documents\github\worksupporttool\x64\debug\worksupporttool.pdb
c:\users\seizou124\documents\github\worksupporttool\worksupporttool\x64\debug\worksupporttool.tlog\cl.command.1.tlog
c:\users\seizou124\documents\github\worksupporttool\worksupporttool\x64\debug\worksupporttool.tlog\cl.read.1.tlog
c:\users\seizou124\documents\github\worksupporttool\worksupporttool\x64\debug\worksupporttool.tlog\cl.write.1.tlog
c:\users\seizou124\documents\github\worksupporttool\worksupporttool\x64\debug\worksupporttool.tlog\link-cvtres.read.1.tlog
c:\users\seizou124\documents\github\worksupporttool\worksupporttool\x64\debug\worksupporttool.tlog\link-cvtres.write.1.tlog
c:\users\seizou124\documents\github\worksupporttool\worksupporttool\x64\debug\worksupporttool.tlog\link-rc.read.1.tlog
c:\users\seizou124\documents\github\worksupporttool\worksupporttool\x64\debug\worksupporttool.tlog\link-rc.write.1.tlog
c:\users\seizou124\documents\github\worksupporttool\worksupporttool\x64\debug\worksupporttool.tlog\link.command.1.tlog
c:\users\seizou124\documents\github\worksupporttool\worksupporttool\x64\debug\worksupporttool.tlog\link.read.1.tlog
c:\users\seizou124\documents\github\worksupporttool\worksupporttool\x64\debug\worksupporttool.tlog\link.read.2.tlog
c:\users\seizou124\documents\github\worksupporttool\worksupporttool\x64\debug\worksupporttool.tlog\link.write.1.tlog
c:\users\seizou124\documents\github\worksupporttool\worksupporttool\x64\debug\worksupporttool.tlog\rc.command.1.tlog
c:\users\seizou124\documents\github\worksupporttool\worksupporttool\x64\debug\worksupporttool.tlog\rc.read.1.tlog
c:\users\seizou124\documents\github\worksupporttool\worksupporttool\x64\debug\worksupporttool.tlog\rc.write.1.tlog
